<?xml version="1.0" encoding="UTF-8"?>
<testng-results ignored="0" total="1" passed="1" failed="0" skipped="0">
  <reporter-output>
  </reporter-output>
  <suite started-at="2022-05-12T17:38:29 IST" name="Default suite" finished-at="2022-05-12T17:38:44 IST" duration-ms="15411">
    <groups>
    </groups>
    <test started-at="2022-05-12T17:38:29 IST" name="Default test" finished-at="2022-05-12T17:38:44 IST" duration-ms="15411">
      <class name="com.qa.testlayer.LoginPageTest">
        <test-method is-config="true" signature="start()[pri:0, instance:com.qa.testlayer.LoginPageTest@5876a9af]" started-at="2022-05-12T17:38:29 IST" name="start" finished-at="2022-05-12T17:38:38 IST" duration-ms="9209" status="PASS">
          <reporter-output>
          </reporter-output>
        </test-method> <!-- start -->
        <test-method signature="VerifyFunctionalityOfLoginPage()[pri:0, instance:com.qa.testlayer.LoginPageTest@5876a9af]" started-at="2022-05-12T17:38:38 IST" name="VerifyFunctionalityOfLoginPage" finished-at="2022-05-12T17:38:43 IST" duration-ms="5195" status="PASS">
          <reporter-output>
          </reporter-output>
        </test-method> <!-- VerifyFunctionalityOfLoginPage -->
        <test-method is-config="true" signature="end()[pri:0, instance:com.qa.testlayer.LoginPageTest@5876a9af]" started-at="2022-05-12T17:38:43 IST" name="end" finished-at="2022-05-12T17:38:44 IST" duration-ms="922" status="PASS">
          <reporter-output>
          </reporter-output>
        </test-method> <!-- end -->
      </class> <!-- com.qa.testlayer.LoginPageTest -->
    </test> <!-- Default test -->
  </suite> <!-- Default suite -->
</testng-results>
